<?xml version="1.0" encoding="UTF-8"?>
<robot generator="Robot 6.0.2 (Python 3.11.4 on win32)" generated="20240624 16:38:54.012" rpa="false" schemaversion="3">
<suite id="s1" name="Google Search" source="C:\Users\ADMIN\Desktop\robot\google_search.robot">
<test id="s1-t1" name="Search Google and Verify Results" line="13">
<kw name="Open Google">
<kw name="Open Browser" library="SeleniumLibrary">
<arg>https://www.google.com</arg>
<arg>${BROWSER}</arg>
<doc>Opens a new browser instance to the optional ``url``.</doc>
<msg timestamp="20240624 16:38:54.193" level="INFO">Opening browser 'edge' to base url 'https://www.google.com'.</msg>
<msg timestamp="20240624 16:38:54.199" level="INFO">Executing: C:\Users\ADMIN\AppData\Local\Programs\Python\Python311\Lib\site-packages\selenium\webdriver\common\windows\selenium-manager.exe --browser edge --output json</msg>
<status status="PASS" starttime="20240624 16:38:54.193" endtime="20240624 16:38:56.490"/>
</kw>
<status status="PASS" starttime="20240624 16:38:54.193" endtime="20240624 16:38:56.491"/>
</kw>
<kw name="Input Search Term">
<kw name="Input Text" library="SeleniumLibrary">
<arg>name=q</arg>
<arg>${SEARCH_TERM}</arg>
<doc>Types the given ``text`` into the text field identified by ``locator``.</doc>
<msg timestamp="20240624 16:38:56.492" level="INFO">Typing text 'Robot Framework' into text field 'name=q'.</msg>
<status status="PASS" starttime="20240624 16:38:56.492" endtime="20240624 16:38:56.608"/>
</kw>
<status status="PASS" starttime="20240624 16:38:56.491" endtime="20240624 16:38:56.609"/>
</kw>
<kw name="Enter Google Search">
<kw name="Press Keys" library="SeleniumLibrary">
<arg>name=q</arg>
<arg>ENTER</arg>
<doc>Simulates the user pressing key(s) to an element or on the active browser.</doc>
<msg timestamp="20240624 16:38:56.610" level="INFO">Sending key(s) ('ENTER',) to name=q element.</msg>
<msg timestamp="20240624 16:38:56.898" level="INFO">Pressing special key ENTER to element.</msg>
<msg timestamp="20240624 16:38:56.898" level="INFO">Releasing special key ENTER.</msg>
<status status="PASS" starttime="20240624 16:38:56.609" endtime="20240624 16:38:57.761"/>
</kw>
<status status="PASS" starttime="20240624 16:38:56.609" endtime="20240624 16:38:57.761"/>
</kw>
<kw name="Verify Search Results">
<kw name="Page Should Contain" library="SeleniumLibrary">
<arg>${SEARCH_RESULT}</arg>
<doc>Verifies that current page contains ``text``.</doc>
<msg timestamp="20240624 16:38:57.864" level="INFO">Current page contains text 'selenium'.</msg>
<status status="PASS" starttime="20240624 16:38:57.762" endtime="20240624 16:38:57.864"/>
</kw>
<status status="PASS" starttime="20240624 16:38:57.761" endtime="20240624 16:38:57.865"/>
</kw>
<kw name="Close Browser" library="SeleniumLibrary">
<doc>Closes the current browser.</doc>
<status status="PASS" starttime="20240624 16:38:57.865" endtime="20240624 16:39:00.055"/>
</kw>
<doc>Test case to search Google and verify results</doc>
<tag>search</tag>
<status status="PASS" starttime="20240624 16:38:54.192" endtime="20240624 16:39:00.056"/>
</test>
<test id="s1-t2" name="Search Google and Check Results" line="21">
<kw name="Open Google">
<kw name="Open Browser" library="SeleniumLibrary">
<arg>https://www.google.com</arg>
<arg>${BROWSER}</arg>
<doc>Opens a new browser instance to the optional ``url``.</doc>
<msg timestamp="20240624 16:39:00.058" level="INFO">Opening browser 'edge' to base url 'https://www.google.com'.</msg>
<msg timestamp="20240624 16:39:00.064" level="INFO">Executing: C:\Users\ADMIN\AppData\Local\Programs\Python\Python311\Lib\site-packages\selenium\webdriver\common\windows\selenium-manager.exe --browser edge --output json</msg>
<status status="PASS" starttime="20240624 16:39:00.058" endtime="20240624 16:39:02.363"/>
</kw>
<status status="PASS" starttime="20240624 16:39:00.057" endtime="20240624 16:39:02.363"/>
</kw>
<kw name="Input Search Term">
<kw name="Input Text" library="SeleniumLibrary">
<arg>name=q</arg>
<arg>${SEARCH_TERM}</arg>
<doc>Types the given ``text`` into the text field identified by ``locator``.</doc>
<msg timestamp="20240624 16:39:02.365" level="INFO">Typing text 'Robot Framework' into text field 'name=q'.</msg>
<status status="PASS" starttime="20240624 16:39:02.364" endtime="20240624 16:39:02.478"/>
</kw>
<status status="PASS" starttime="20240624 16:39:02.364" endtime="20240624 16:39:02.478"/>
</kw>
<kw name="Enter Google Search">
<kw name="Press Keys" library="SeleniumLibrary">
<arg>name=q</arg>
<arg>ENTER</arg>
<doc>Simulates the user pressing key(s) to an element or on the active browser.</doc>
<msg timestamp="20240624 16:39:02.479" level="INFO">Sending key(s) ('ENTER',) to name=q element.</msg>
<msg timestamp="20240624 16:39:02.761" level="INFO">Pressing special key ENTER to element.</msg>
<msg timestamp="20240624 16:39:02.761" level="INFO">Releasing special key ENTER.</msg>
<status status="PASS" starttime="20240624 16:39:02.479" endtime="20240624 16:39:03.613"/>
</kw>
<status status="PASS" starttime="20240624 16:39:02.478" endtime="20240624 16:39:03.613"/>
</kw>
<kw name="Verify Search Results">
<kw name="Page Should Contain" library="SeleniumLibrary">
<arg>${SEARCH_RESULT}</arg>
<doc>Verifies that current page contains ``text``.</doc>
<msg timestamp="20240624 16:39:03.676" level="INFO">Current page contains text 'selenium'.</msg>
<status status="PASS" starttime="20240624 16:39:03.614" endtime="20240624 16:39:03.676"/>
</kw>
<status status="PASS" starttime="20240624 16:39:03.614" endtime="20240624 16:39:03.676"/>
</kw>
<kw name="Close Browser" library="SeleniumLibrary">
<doc>Closes the current browser.</doc>
<status status="PASS" starttime="20240624 16:39:03.677" endtime="20240624 16:39:05.844"/>
</kw>
<doc>Test case to search Google and verify results</doc>
<tag>search</tag>
<status status="PASS" starttime="20240624 16:39:00.057" endtime="20240624 16:39:05.844"/>
</test>
<test id="s1-t3" name="Search Yahoo and Check Results" line="29">
<kw name="Open Yahoo">
<kw name="Open Browser" library="SeleniumLibrary">
<arg>https://www.yahoo.com/</arg>
<arg>${BROWSER}</arg>
<doc>Opens a new browser instance to the optional ``url``.</doc>
<msg timestamp="20240624 16:39:05.847" level="INFO">Opening browser 'edge' to base url 'https://www.yahoo.com/'.</msg>
<msg timestamp="20240624 16:39:05.852" level="INFO">Executing: C:\Users\ADMIN\AppData\Local\Programs\Python\Python311\Lib\site-packages\selenium\webdriver\common\windows\selenium-manager.exe --browser edge --output json</msg>
<status status="PASS" starttime="20240624 16:39:05.846" endtime="20240624 16:39:14.060"/>
</kw>
<status status="PASS" starttime="20240624 16:39:05.846" endtime="20240624 16:39:14.060"/>
</kw>
<kw name="Input Search Term Yahoo">
<kw name="Input Text" library="SeleniumLibrary">
<arg>name=p</arg>
<arg>${SEARCH_TERM}</arg>
<doc>Types the given ``text`` into the text field identified by ``locator``.</doc>
<msg timestamp="20240624 16:39:14.062" level="INFO">Typing text 'Robot Framework' into text field 'name=p'.</msg>
<status status="PASS" starttime="20240624 16:39:14.062" endtime="20240624 16:39:14.207"/>
</kw>
<status status="PASS" starttime="20240624 16:39:14.060" endtime="20240624 16:39:14.207"/>
</kw>
<kw name="Enter Yahoo Search">
<kw name="Press Keys" library="SeleniumLibrary">
<arg>name=p</arg>
<arg>ENTER</arg>
<doc>Simulates the user pressing key(s) to an element or on the active browser.</doc>
<msg timestamp="20240624 16:39:14.208" level="INFO">Sending key(s) ('ENTER',) to name=p element.</msg>
<msg timestamp="20240624 16:39:14.536" level="INFO">Pressing special key ENTER to element.</msg>
<msg timestamp="20240624 16:39:14.537" level="INFO">Releasing special key ENTER.</msg>
<status status="PASS" starttime="20240624 16:39:14.207" endtime="20240624 16:39:14.562"/>
</kw>
<status status="PASS" starttime="20240624 16:39:14.207" endtime="20240624 16:39:14.562"/>
</kw>
<kw name="Verify Search Results">
<kw name="Page Should Contain" library="SeleniumLibrary">
<arg>${SEARCH_RESULT}</arg>
<doc>Verifies that current page contains ``text``.</doc>
<msg timestamp="20240624 16:39:14.621" level="INFO">Current page contains text 'selenium'.</msg>
<status status="PASS" starttime="20240624 16:39:14.562" endtime="20240624 16:39:14.621"/>
</kw>
<status status="PASS" starttime="20240624 16:39:14.562" endtime="20240624 16:39:14.621"/>
</kw>
<kw name="Close Browser" library="SeleniumLibrary">
<doc>Closes the current browser.</doc>
<status status="PASS" starttime="20240624 16:39:14.621" endtime="20240624 16:39:16.848"/>
</kw>
<doc>Test case to search Google and verify results</doc>
<tag>search</tag>
<status status="PASS" starttime="20240624 16:39:05.845" endtime="20240624 16:39:16.849"/>
</test>
<status status="PASS" starttime="20240624 16:38:54.013" endtime="20240624 16:39:16.850"/>
</suite>
<statistics>
<total>
<stat pass="3" fail="0" skip="0">All Tests</stat>
</total>
<tag>
<stat pass="3" fail="0" skip="0">search</stat>
</tag>
<suite>
<stat pass="3" fail="0" skip="0" id="s1" name="Google Search">Google Search</stat>
</suite>
</statistics>
<errors>
</errors>
</robot>
